TN:
SF:src/config.ts
FN:88,loadConfig
FNF:1
FNH:1
FNDA:19,loadConfig
DA:1,1
DA:3,1
DA:4,1
DA:5,1
DA:6,1
DA:7,1
DA:9,1
DA:10,1
DA:11,1
DA:12,1
DA:14,1
DA:16,1
DA:17,1
DA:18,1
DA:19,1
DA:23,1
DA:26,1
DA:30,1
DA:31,1
DA:34,1
DA:37,1
DA:38,1
DA:41,1
DA:44,1
DA:45,1
DA:46,1
DA:47,19
DA:48,0
DA:49,0
DA:50,0
DA:51,0
DA:52,0
DA:53,0
DA:54,0
DA:55,0
DA:56,0
DA:57,0
DA:58,0
DA:59,0
DA:60,0
DA:61,0
DA:62,0
DA:63,0
DA:64,0
DA:65,0
DA:66,0
DA:67,0
DA:68,0
DA:69,0
DA:70,0
DA:71,0
DA:72,0
DA:73,0
DA:74,0
DA:75,0
DA:76,0
DA:77,0
DA:78,0
DA:79,0
DA:80,0
DA:81,0
DA:82,0
DA:83,0
DA:84,19
DA:88,19
DA:89,19
DA:90,19
DA:91,0
DA:92,0
DA:93,0
DA:94,19
DA:95,19
DA:97,1
LF:73
LH:34
BRDA:46,0,0,19
BRDA:47,1,0,0
BRDA:88,2,0,19
BRDA:90,3,0,0
BRF:4
BRH:2
end_of_record
TN:
SF:src/server.ts
FN:25,buildApp
FN:51,keyGenerator
FN:94,start
FNF:3
FNH:2
FNDA:84,buildApp
FNDA:408,keyGenerator
FNDA:0,start
DA:1,1
DA:25,84
DA:26,84
DA:27,84
DA:29,84
DA:30,84
DA:31,84
DA:32,84
DA:33,84
DA:34,84
DA:36,84
DA:48,84
DA:49,84
DA:50,84
DA:51,84
DA:52,408
DA:53,408
DA:54,284
DA:55,284
DA:56,283
DA:57,283
DA:58,284
DA:59,125
DA:60,408
DA:61,84
DA:64,84
DA:65,84
DA:68,84
DA:69,84
DA:70,84
DA:75,84
DA:76,84
DA:78,84
DA:79,84
DA:80,84
DA:81,84
DA:82,84
DA:83,84
DA:84,84
DA:85,84
DA:86,84
DA:87,84
DA:88,84
DA:89,84
DA:91,84
DA:92,84
DA:94,0
DA:95,0
DA:97,0
DA:98,0
DA:99,0
DA:100,0
DA:101,0
DA:102,0
DA:103,0
DA:104,0
DA:105,0
DA:106,0
DA:107,0
DA:108,0
DA:109,0
DA:112,1
DA:114,1
DA:115,0
DA:116,0
LF:65
LH:48
BRDA:114,0,0,0
BRDA:25,1,0,84
BRDA:51,2,0,408
BRDA:53,3,0,285
BRDA:53,4,0,284
BRDA:55,5,0,283
BRDA:58,6,0,125
BRDA:64,7,0,101
BRDA:68,8,0,84
BRDA:75,9,0,84
BRF:10
BRH:9
end_of_record
TN:
SF:src/api/account.ts
FN:6,registerAccountApi
FNF:1
FNH:1
FNDA:84,registerAccountApi
DA:1,1
DA:6,1
DA:10,84
DA:11,3
DA:12,3
DA:14,3
DA:15,3
DA:16,3
DA:17,3
DA:20,1
DA:21,1
DA:22,3
DA:24,3
DA:25,3
DA:26,3
DA:27,84
DA:28,84
LF:17
LH:17
BRDA:6,0,0,84
BRDA:10,1,0,3
BRDA:16,2,0,2
BRDA:17,3,0,1
BRF:4
BRH:4
end_of_record
TN:
SF:src/api/auth.ts
FN:19,registerAuthApi
FNF:1
FNH:1
FNDA:84,registerAuthApi
DA:1,1
DA:9,1
DA:11,1
DA:12,1
DA:14,1
DA:16,1
DA:17,1
DA:19,1
DA:20,84
DA:21,0
DA:22,0
DA:24,0
DA:26,0
DA:27,0
DA:28,0
DA:29,0
DA:30,0
DA:31,0
DA:32,0
DA:33,0
DA:34,0
DA:35,0
DA:36,0
DA:38,0
DA:39,0
DA:40,0
DA:41,0
DA:43,0
DA:44,0
DA:46,0
DA:47,0
DA:48,84
DA:52,84
DA:53,0
DA:54,0
DA:55,0
DA:56,84
DA:57,84
LF:38
LH:13
BRDA:19,0,0,84
BRF:1
BRH:1
end_of_record
TN:
SF:src/api/coinbase.ts
FN:30,registerCoinbaseApi
FNF:1
FNH:1
FNDA:84,registerCoinbaseApi
DA:1,1
DA:15,1
DA:16,1
DA:17,1
DA:18,1
DA:19,1
DA:20,1
DA:21,1
DA:22,1
DA:23,1
DA:24,1
DA:25,1
DA:26,1
DA:27,1
DA:28,1
DA:30,1
DA:32,84
DA:33,3
DA:34,3
DA:35,3
DA:36,1
DA:37,84
DA:40,84
DA:41,1
DA:42,1
DA:43,1
DA:45,0
DA:46,0
DA:47,0
DA:48,0
DA:49,0
DA:50,0
DA:51,0
DA:53,0
DA:54,0
DA:55,84
DA:58,84
DA:59,2
DA:60,2
DA:61,2
DA:62,84
DA:65,84
DA:66,8
DA:68,8
DA:69,8
DA:70,1
DA:71,1
DA:73,7
DA:74,8
DA:75,1
DA:76,1
DA:80,6
DA:81,6
DA:82,6
DA:83,6
DA:84,6
DA:85,6
DA:86,6
DA:89,6
DA:90,6
DA:91,6
DA:92,6
DA:93,6
DA:95,6
DA:96,6
DA:97,6
DA:98,8
DA:100,1
DA:101,1
DA:103,6
DA:104,6
DA:105,6
DA:106,6
DA:107,6
DA:109,5
DA:110,6
DA:111,6
DA:112,6
DA:115,6
DA:116,6
DA:117,6
DA:119,6
DA:120,3
DA:121,6
DA:122,1
DA:123,1
DA:124,1
DA:125,1
DA:127,5
DA:130,6
DA:131,1
DA:132,1
DA:133,1
DA:134,1
DA:135,1
DA:136,1
DA:137,1
DA:138,1
DA:139,1
DA:140,1
DA:141,1
DA:142,1
DA:143,1
DA:144,1
DA:145,1
DA:146,1
DA:147,1
DA:148,1
DA:149,1
DA:151,5
DA:152,5
DA:153,5
DA:154,5
DA:155,6
DA:156,6
DA:157,6
DA:158,6
DA:160,6
DA:161,4
DA:162,4
DA:163,4
DA:164,4
DA:165,6
DA:167,6
DA:168,6
DA:169,84
DA:170,84
LF:127
LH:118
BRDA:30,0,0,84
BRDA:32,1,0,3
BRDA:35,2,0,2
BRDA:35,3,0,1
BRDA:40,4,0,1
BRDA:43,5,0,0
BRDA:58,6,0,2
BRDA:65,7,0,8
BRDA:69,8,0,1
BRDA:71,9,0,7
BRDA:74,10,0,1
BRDA:76,11,0,6
BRDA:97,12,0,5
BRDA:98,13,0,1
BRDA:101,14,0,6
BRDA:107,15,0,1
BRDA:107,16,0,5
BRDA:110,17,0,0
BRDA:112,18,0,2
BRDA:112,19,0,3
BRDA:119,20,0,2
BRDA:119,21,0,0
BRDA:119,22,0,3
BRDA:121,23,0,2
BRDA:121,24,0,1
BRDA:121,25,0,0
BRDA:121,26,0,1
BRDA:125,27,0,5
BRDA:127,28,0,0
BRDA:127,29,0,5
BRDA:130,30,0,2
BRDA:130,31,0,1
BRDA:135,32,0,0
BRDA:149,33,0,5
BRDA:155,34,0,2
BRDA:155,35,0,3
BRDA:160,36,0,4
BRDA:89,37,0,6
BRDA:90,38,0,6
BRDA:92,39,0,0
BRF:40
BRH:33
end_of_record
TN:
SF:src/api/debug.ts
FN:26,registerDebugApi
FNF:1
FNH:1
FNDA:84,registerDebugApi
DA:1,1
DA:12,1
DA:13,1
DA:14,1
DA:15,1
DA:16,1
DA:17,1
DA:18,1
DA:19,1
DA:21,1
DA:22,1
DA:23,1
DA:26,1
DA:27,84
DA:28,0
DA:29,0
DA:30,0
DA:31,0
DA:32,0
DA:33,0
DA:34,0
DA:35,0
DA:36,0
DA:37,0
DA:38,0
DA:39,0
DA:40,84
DA:45,84
DA:46,9
DA:47,9
DA:48,2
DA:49,2
DA:50,7
DA:51,7
DA:53,7
DA:54,7
DA:55,7
DA:56,84
DA:57,84
LF:39
LH:27
BRDA:26,0,0,84
BRDA:45,1,0,9
BRDA:47,2,0,2
BRDA:49,3,0,7
BRF:4
BRH:4
end_of_record
TN:
SF:src/api/devices.ts
FN:10,registerDevicesApi
FNF:1
FNH:1
FNDA:84,registerDevicesApi
DA:1,1
DA:5,1
DA:6,1
DA:7,1
DA:8,1
DA:10,1
DA:11,84
DA:12,4
DA:13,4
DA:15,3
DA:16,3
DA:17,3
DA:18,84
DA:19,84
LF:14
LH:14
BRDA:10,0,0,84
BRDA:11,1,0,4
BRDA:13,2,0,1
BRDA:13,3,0,3
BRF:4
BRH:4
end_of_record
TN:
SF:src/api/overrides.ts
FN:14,registerOverridesApi
FNF:1
FNH:1
FNDA:84,registerOverridesApi
DA:1,1
DA:5,1
DA:6,1
DA:7,1
DA:8,1
DA:10,1
DA:11,1
DA:12,1
DA:14,1
DA:15,84
DA:17,84
DA:18,2
DA:19,2
DA:20,1
DA:21,1
DA:22,84
DA:24,84
DA:25,0
DA:26,0
DA:27,0
DA:28,0
DA:29,84
DA:30,84
LF:23
LH:19
BRDA:14,0,0,84
BRDA:15,1,0,1
BRDA:17,2,0,2
BRDA:19,3,0,1
BRF:4
BRH:4
end_of_record
TN:
SF:src/api/pets.ts
FN:4,registerPetsApi
FNF:1
FNH:1
FNDA:84,registerPetsApi
DA:1,1
DA:4,1
DA:5,84
DA:6,204
DA:7,84
DA:9,84
DA:10,5
DA:11,5
DA:12,3
DA:13,3
DA:14,2
DA:15,2
DA:16,84
DA:17,84
LF:14
LH:14
BRDA:4,0,0,84
BRDA:5,1,0,204
BRDA:9,2,0,5
BRDA:11,3,0,3
BRDA:13,4,0,2
BRF:5
BRH:5
end_of_record
TN:
SF:src/api/plaid-link.ts
FN:10,registerPlaidLinkApi
FNF:1
FNH:1
FNDA:84,registerPlaidLinkApi
DA:1,1
DA:6,1
DA:7,1
DA:8,1
DA:10,1
DA:11,84
DA:12,0
DA:13,0
DA:14,84
DA:16,84
DA:17,0
DA:18,0
DA:20,0
DA:21,0
DA:23,0
DA:24,0
DA:25,84
DA:26,84
LF:18
LH:10
BRDA:10,0,0,84
BRF:1
BRH:1
end_of_record
TN:
SF:src/api/spending.ts
FN:4,registerSpendingApi
FN:16,extractAmount
FNF:2
FNH:2
FNDA:84,registerSpendingApi
FNDA:1,extractAmount
DA:1,1
DA:4,1
DA:5,84
DA:6,2
DA:7,2
DA:8,1
DA:9,1
DA:10,1
DA:11,1
DA:12,2
DA:13,84
DA:14,84
DA:16,1
DA:17,1
DA:18,1
DA:19,1
LF:16
LH:16
BRDA:4,0,0,84
BRDA:5,1,0,2
BRDA:7,2,0,1
BRDA:16,3,0,1
BRDA:18,4,0,0
BRF:5
BRH:4
end_of_record
TN:
SF:src/api/spinwheel.ts
FN:18,registerSpinwheelApi
FNF:1
FNH:1
FNDA:84,registerSpinwheelApi
DA:1,1
DA:8,1
DA:9,1
DA:10,1
DA:11,1
DA:13,1
DA:14,1
DA:15,1
DA:16,1
DA:18,1
DA:20,84
DA:21,3
DA:22,3
DA:23,84
DA:26,84
DA:27,3
DA:28,3
DA:30,1
DA:31,1
DA:33,1
DA:35,1
DA:36,1
DA:37,84
DA:40,84
DA:41,4
DA:42,4
DA:44,3
DA:45,3
DA:47,3
DA:49,3
DA:50,3
DA:51,3
DA:52,3
DA:54,3
DA:55,3
DA:56,84
DA:59,84
DA:60,2
DA:61,2
DA:63,2
DA:64,2
DA:65,1
DA:66,1
DA:68,1
DA:69,1
DA:70,84
DA:73,84
DA:74,2
DA:75,2
DA:76,2
DA:77,84
DA:78,84
LF:52
LH:52
BRDA:18,0,0,84
BRDA:20,1,0,3
BRDA:26,2,0,3
BRDA:28,3,0,2
BRDA:28,4,0,1
BRDA:40,5,0,4
BRDA:42,6,0,1
BRDA:42,7,0,3
BRDA:59,8,0,2
BRDA:64,9,0,1
BRDA:73,10,0,2
BRF:11
BRH:11
end_of_record
TN:
SF:src/api/subscriptions.ts
FN:5,registerSubscriptionsApi
FNF:1
FNH:1
FNDA:84,registerSubscriptionsApi
DA:1,1
DA:5,1
DA:6,84
DA:7,1
DA:8,1
DA:9,84
DA:10,84
LF:7
LH:7
BRDA:5,0,0,84
BRDA:6,1,0,1
BRF:2
BRH:2
end_of_record
TN:
SF:src/api/zerion.ts
FN:17,registerZerionApi
FNF:1
FNH:1
FNDA:84,registerZerionApi
DA:1,1
DA:12,1
DA:13,1
DA:14,1
DA:15,1
DA:17,1
DA:19,84
DA:20,4
DA:22,4
DA:23,2
DA:24,2
DA:25,2
DA:26,2
DA:27,4
DA:28,84
DA:31,84
DA:32,5
DA:33,5
DA:35,4
DA:36,4
DA:38,4
DA:39,4
DA:40,5
DA:41,5
DA:43,4
DA:44,4
DA:45,84
DA:48,84
DA:49,84
DA:50,84
DA:51,1
DA:52,1
DA:54,1
DA:55,1
DA:56,1
DA:58,1
DA:59,1
DA:60,1
DA:61,84
DA:64,84
DA:65,3
DA:66,3
DA:68,3
DA:70,2
DA:72,2
DA:73,2
DA:75,2
DA:76,2
DA:77,2
DA:78,2
DA:79,2
DA:80,1
DA:81,1
DA:82,1
DA:83,1
DA:84,1
DA:85,2
DA:87,2
DA:88,84
DA:91,84
DA:92,6
DA:93,6
DA:95,6
DA:97,5
DA:99,5
DA:100,5
DA:102,5
DA:103,5
DA:104,5
DA:105,5
DA:107,4
DA:108,4
DA:109,4
DA:111,5
DA:112,1
DA:113,5
DA:114,2
DA:115,2
DA:117,4
DA:119,5
DA:120,5
DA:122,5
DA:123,5
DA:124,5
DA:125,5
DA:126,5
DA:127,5
DA:128,5
DA:129,5
DA:131,5
DA:132,3
DA:133,3
DA:134,3
DA:135,3
DA:136,5
DA:137,5
DA:139,5
DA:140,5
DA:141,84
DA:142,84
LF:100
LH:100
BRDA:17,0,0,84
BRDA:19,1,0,4
BRDA:22,2,0,2
BRDA:25,3,0,1
BRDA:31,4,0,5
BRDA:33,5,0,1
BRDA:33,6,0,4
BRDA:40,7,0,3
BRDA:41,8,0,4
BRDA:50,9,0,1
BRDA:64,10,0,3
BRDA:68,11,0,1
BRDA:68,12,0,2
BRDA:78,13,0,0
BRDA:79,14,0,1
BRDA:81,15,0,0
BRDA:70,16,0,2
BRDA:91,17,0,6
BRDA:95,18,0,1
BRDA:95,19,0,5
BRDA:105,20,0,1
BRDA:105,21,0,4
BRDA:111,22,0,1
BRDA:111,23,0,1
BRDA:113,24,0,3
BRDA:113,25,0,1
BRDA:113,26,0,1
BRDA:113,27,0,2
BRDA:115,28,0,4
BRDA:117,29,0,1
BRDA:117,30,0,3
BRDA:119,31,0,0
BRDA:120,32,0,0
BRDA:126,33,0,3
BRDA:126,34,0,0
BRDA:127,35,0,3
BRDA:127,36,0,0
BRDA:131,37,0,3
BRF:38
BRH:32
end_of_record
TN:
SF:src/coinbase/client.ts
FN:9,CoinbaseAuthError
FN:15,randomHex
FN:19,makeJwt
FN:67,coinbaseGet
FN:90,getAccounts
FN:99,getTransactions
FNF:6
FNH:0
FNDA:0,CoinbaseAuthError
FNDA:0,randomHex
FNDA:0,makeJwt
FNDA:0,coinbaseGet
FNDA:0,getAccounts
FNDA:0,getTransactions
DA:1,1
DA:6,1
DA:8,1
DA:9,1
DA:10,0
DA:11,0
DA:12,0
DA:13,1
DA:15,0
DA:16,0
DA:17,0
DA:19,0
DA:20,0
DA:21,0
DA:22,0
DA:23,0
DA:24,0
DA:25,0
DA:26,0
DA:27,0
DA:28,0
DA:30,1
DA:31,1
DA:32,1
DA:33,1
DA:34,1
DA:35,1
DA:36,1
DA:37,1
DA:39,1
DA:40,1
DA:41,1
DA:45,1
DA:46,1
DA:47,1
DA:48,1
DA:49,1
DA:50,1
DA:51,1
DA:52,1
DA:53,1
DA:54,1
DA:56,1
DA:57,1
DA:58,1
DA:59,1
DA:60,1
DA:61,1
DA:62,1
DA:63,1
DA:67,0
DA:68,0
DA:70,0
DA:71,0
DA:72,0
DA:73,0
DA:74,0
DA:75,0
DA:76,0
DA:78,0
DA:79,0
DA:80,0
DA:82,0
DA:83,0
DA:84,0
DA:90,0
DA:91,0
DA:92,0
DA:93,0
DA:99,0
DA:100,0
DA:101,0
DA:102,0
DA:103,0
DA:104,0
DA:105,0
DA:106,0
DA:108,0
DA:109,0
DA:111,0
DA:112,0
DA:113,0
DA:114,0
DA:115,0
DA:116,0
LF:85
LH:34
BRF:0
BRH:0
end_of_record
TN:
SF:src/coingecko/client.ts
FN:7,CoinGeckoRateLimitError
FN:13,authHeaders
FN:36,getPrices
FN:65,getCoinImageUrl
FNF:4
FNH:4
FNDA:2,CoinGeckoRateLimitError
FNDA:8,authHeaders
FNDA:5,getPrices
FNDA:4,getCoinImageUrl
DA:1,1
DA:4,1
DA:6,1
DA:7,1
DA:8,2
DA:9,2
DA:10,2
DA:11,1
DA:13,8
DA:14,8
DA:15,0
DA:16,0
DA:18,1
DA:19,1
DA:20,1
DA:21,1
DA:22,1
DA:23,1
DA:24,1
DA:26,1
DA:27,1
DA:28,1
DA:29,1
DA:30,1
DA:36,5
DA:37,5
DA:39,4
DA:40,4
DA:41,4
DA:42,4
DA:43,4
DA:45,4
DA:46,4
DA:47,4
DA:49,5
DA:50,5
DA:52,2
DA:53,2
DA:55,2
DA:56,5
DA:57,3
DA:58,3
DA:59,2
DA:60,2
DA:65,4
DA:66,4
DA:67,4
DA:68,4
DA:69,4
DA:70,4
DA:71,4
DA:73,4
DA:74,4
DA:75,4
DA:77,2
DA:78,2
DA:79,4
DA:80,1
DA:81,1
LF:59
LH:57
BRDA:7,0,0,2
BRDA:13,1,0,8
BRDA:14,2,0,0
BRDA:36,3,0,5
BRDA:37,4,0,1
BRDA:37,5,0,4
BRDA:49,6,0,1
BRDA:49,7,0,3
BRDA:50,8,0,1
BRDA:50,9,0,2
BRDA:56,10,0,3
BRDA:57,11,0,1
BRDA:58,12,0,2
BRDA:65,13,0,4
BRDA:73,14,0,1
BRDA:73,15,0,3
BRDA:74,16,0,1
BRDA:74,17,0,2
BRDA:75,18,0,0
BRDA:75,19,0,2
BRDA:79,20,0,1
BRF:21
BRH:19
end_of_record
TN:
SF:src/db/client.ts
FN:10,initDb
FN:31,db
FN:37,_resetDb
FNF:3
FNH:2
FNDA:97,initDb
FNDA:1844,db
FNDA:0,_resetDb
DA:1,1
DA:7,1
DA:10,97
DA:11,97
DA:15,97
DA:17,97
DA:18,13
DA:19,13
DA:20,13
DA:21,97
DA:22,0
DA:23,0
DA:24,0
DA:25,0
DA:26,0
DA:28,13
DA:29,13
DA:31,1
DA:32,1844
DA:33,1844
DA:34,1844
DA:37,1
DA:38,0
DA:39,0
LF:24
LH:17
BRDA:10,0,0,97
BRDA:11,1,0,96
BRDA:11,2,0,84
BRDA:11,3,0,13
BRDA:15,4,0,0
BRDA:17,5,0,13
BRDA:21,6,0,0
BRDA:26,7,0,13
BRDA:31,8,0,1844
BRDA:32,9,0,0
BRF:10
BRH:7
end_of_record
TN:
SF:src/db/migrate.ts
FN:8,runMigrations
FNF:1
FNH:1
FNDA:97,runMigrations
DA:1,1
DA:6,1
DA:8,97
DA:9,97
DA:10,97
DA:12,97
DA:13,97
DA:14,97
DA:15,97
DA:16,0
DA:17,0
DA:18,0
DA:19,97
LF:13
LH:10
BRDA:8,0,0,97
BRDA:10,1,0,0
BRDA:15,2,0,0
BRF:3
BRH:1
end_of_record
TN:
SF:src/db/schema.ts
FN:31,__vite_ssr_import_0__.pgTable.userId.__vite_ssr_import_0__.text.notNull.references.onDelete
FN:43,__vite_ssr_import_0__.pgTable.userId.__vite_ssr_import_0__.text.primaryKey.references.onDelete
FN:62,__vite_ssr_import_0__.pgTable.userId.__vite_ssr_import_0__.text.references.onDelete
FN:75,__vite_ssr_import_0__.pgTable.userId.__vite_ssr_import_0__.text.references.onDelete
FN:85,__vite_ssr_import_0__.pgTable.userId.__vite_ssr_import_0__.text.references.onDelete
FN:96,__vite_ssr_import_0__.pgTable.userId.__vite_ssr_import_0__.text.references.onDelete
FN:107,__vite_ssr_import_0__.pgTable.userId.__vite_ssr_import_0__.text.notNull.references.onDelete
FN:120,__vite_ssr_import_0__.pgTable.userId.__vite_ssr_import_0__.text.primaryKey.references.onDelete
FN:135,__vite_ssr_import_0__.pgTable.userId.__vite_ssr_import_0__.text.notNull.references.onDelete
FN:147,__vite_ssr_import_0__.pgTable.userId.__vite_ssr_import_0__.text.primaryKey.references.onDelete
FNF:10
FNH:0
FNDA:0,__vite_ssr_import_0__.pgTable.userId.__vite_ssr_import_0__.text.notNull.references.onDelete
FNDA:0,__vite_ssr_import_0__.pgTable.userId.__vite_ssr_import_0__.text.primaryKey.references.onDelete
FNDA:0,__vite_ssr_import_0__.pgTable.userId.__vite_ssr_import_0__.text.references.onDelete
FNDA:0,__vite_ssr_import_0__.pgTable.userId.__vite_ssr_import_0__.text.references.onDelete
FNDA:0,__vite_ssr_import_0__.pgTable.userId.__vite_ssr_import_0__.text.references.onDelete
FNDA:0,__vite_ssr_import_0__.pgTable.userId.__vite_ssr_import_0__.text.references.onDelete
FNDA:0,__vite_ssr_import_0__.pgTable.userId.__vite_ssr_import_0__.text.notNull.references.onDelete
FNDA:0,__vite_ssr_import_0__.pgTable.userId.__vite_ssr_import_0__.text.primaryKey.references.onDelete
FNDA:0,__vite_ssr_import_0__.pgTable.userId.__vite_ssr_import_0__.text.notNull.references.onDelete
FNDA:0,__vite_ssr_import_0__.pgTable.userId.__vite_ssr_import_0__.text.primaryKey.references.onDelete
DA:1,1
DA:14,1
DA:15,1
DA:16,1
DA:17,1
DA:18,1
DA:19,1
DA:20,1
DA:21,1
DA:22,1
DA:23,1
DA:25,1
DA:26,1
DA:27,1
DA:28,1
DA:29,1
DA:30,1
DA:31,1
DA:32,1
DA:33,1
DA:34,1
DA:35,1
DA:36,1
DA:37,1
DA:38,1
DA:40,1
DA:41,1
DA:42,1
DA:43,1
DA:44,1
DA:45,1
DA:46,1
DA:47,1
DA:48,1
DA:49,1
DA:50,1
DA:51,1
DA:52,1
DA:53,1
DA:54,1
DA:60,1
DA:61,1
DA:62,1
DA:63,1
DA:64,1
DA:65,1
DA:66,1
DA:68,1
DA:69,1
DA:70,1
DA:71,1
DA:73,1
DA:74,1
DA:75,1
DA:76,1
DA:77,1
DA:78,1
DA:79,1
DA:80,1
DA:81,1
DA:83,1
DA:84,1
DA:85,1
DA:86,1
DA:87,1
DA:88,1
DA:89,1
DA:90,1
DA:91,1
DA:92,1
DA:94,1
DA:95,1
DA:96,1
DA:97,1
DA:98,1
DA:99,1
DA:100,1
DA:102,1
DA:103,1
DA:104,1
DA:105,1
DA:106,1
DA:107,1
DA:108,1
DA:109,1
DA:110,1
DA:111,1
DA:112,1
DA:113,1
DA:117,1
DA:118,1
DA:119,1
DA:120,1
DA:121,1
DA:122,1
DA:123,1
DA:124,1
DA:125,1
DA:126,1
DA:129,1
DA:130,1
DA:131,1
DA:132,1
DA:133,1
DA:134,1
DA:135,1
DA:136,1
DA:137,1
DA:138,1
DA:139,1
DA:140,1
DA:141,1
DA:144,1
DA:145,1
DA:146,1
DA:147,1
DA:148,1
DA:149,1
DA:150,1
LF:119
LH:119
BRDA:22,0,0,13
BRDA:37,1,0,13
BRDA:112,2,0,13
BRDA:140,3,0,13
BRF:4
BRH:4
end_of_record
TN:
SF:src/health/decay.ts
FN:16,computeMoodWithDecay
FNF:1
FNH:1
FNDA:218,computeMoodWithDecay
DA:9,1
DA:10,1
DA:11,1
DA:13,1
DA:14,1
DA:16,1
DA:17,218
DA:19,9
DA:20,9
DA:21,10
DA:23,4
DA:24,4
DA:25,4
DA:26,4
LF:14
LH:14
BRDA:16,0,0,218
BRDA:17,1,0,209
BRDA:17,2,0,13
BRDA:17,3,0,10
BRDA:17,4,0,9
BRDA:21,5,0,5
BRDA:21,6,0,4
BRF:7
BRH:7
end_of_record
TN:
SF:src/health/score.ts
FN:11,deltaForEvent
FNF:1
FNH:1
FNDA:10,deltaForEvent
DA:3,1
DA:4,1
DA:5,1
DA:6,1
DA:7,1
DA:8,1
DA:9,1
DA:11,1
DA:12,10
DA:13,10
LF:10
LH:10
BRDA:11,0,0,10
BRDA:12,1,0,1
BRF:2
BRH:2
end_of_record
TN:
SF:src/plaid/adapter.ts
FN:19,mapCategory
FN:27,counterpartyName
FN:34,plaidTxToInternal
FNF:3
FNH:3
FNDA:8,mapCategory
FNDA:8,counterpartyName
FNDA:8,plaidTxToInternal
DA:1,1
DA:5,1
DA:6,1
DA:7,1
DA:8,1
DA:9,1
DA:10,1
DA:11,1
DA:12,1
DA:13,1
DA:14,1
DA:15,1
DA:16,1
DA:17,1
DA:19,8
DA:20,8
DA:21,8
DA:22,40
DA:23,40
DA:24,0
DA:25,0
DA:27,8
DA:28,8
DA:29,0
DA:30,8
DA:31,0
DA:32,8
DA:34,8
DA:35,8
DA:36,8
DA:37,8
DA:38,8
DA:39,8
DA:41,8
DA:42,8
DA:43,8
DA:45,8
DA:46,8
DA:47,8
DA:48,8
DA:49,8
DA:50,8
DA:51,8
DA:52,8
DA:53,8
DA:54,8
DA:55,8
DA:56,8
DA:57,8
DA:58,8
DA:59,8
LF:51
LH:47
BRDA:19,0,0,8
BRDA:20,1,0,0
BRDA:21,2,0,40
BRDA:22,3,0,8
BRDA:23,4,0,0
BRDA:27,5,0,8
BRDA:28,6,0,0
BRDA:30,7,0,0
BRDA:34,8,0,8
BRDA:51,9,0,0
BRDA:52,10,0,0
BRDA:53,11,0,0
BRDA:56,12,0,0
BRF:13
BRH:5
end_of_record
TN:
SF:src/plaid/client.ts
FN:12,baseUrl
FN:23,plaidPost
FN:55,linkTokenCreate
FN:73,itemPublicTokenExchange
FN:77,itemRemove
FN:81,transactionsSync
FN:91,webhookVerificationKeyGet
FN:95,itemWebhookUpdate
FN:102,sandboxItemFireWebhook
FNF:9
FNH:4
FNDA:12,baseUrl
FNDA:12,plaidPost
FNDA:0,linkTokenCreate
FNDA:0,itemPublicTokenExchange
FNDA:3,itemRemove
FNDA:9,transactionsSync
FNDA:0,webhookVerificationKeyGet
FNDA:0,itemWebhookUpdate
FNDA:0,sandboxItemFireWebhook
DA:1,1
DA:12,12
DA:13,12
DA:14,12
DA:15,12
DA:16,12
DA:17,0
DA:18,12
DA:19,0
DA:20,12
DA:21,12
DA:23,12
DA:24,12
DA:25,12
DA:26,12
DA:27,12
DA:28,12
DA:29,12
DA:30,12
DA:31,12
DA:32,12
DA:34,12
DA:36,12
DA:37,1
DA:38,1
DA:39,1
DA:40,1
DA:41,0
DA:42,0
DA:43,0
DA:44,0
DA:45,0
DA:46,0
DA:47,0
DA:48,0
DA:49,1
DA:50,1
DA:52,11
DA:53,11
DA:55,1
DA:62,0
DA:63,0
DA:64,0
DA:65,0
DA:66,0
DA:67,0
DA:68,0
DA:69,0
DA:70,0
DA:71,0
DA:73,1
DA:74,0
DA:75,0
DA:77,1
DA:78,3
DA:79,3
DA:81,1
DA:85,9
DA:86,9
DA:87,9
DA:88,9
DA:89,9
DA:91,1
DA:92,0
DA:93,0
DA:95,1
DA:96,0
DA:97,0
DA:98,0
DA:99,0
DA:100,0
DA:102,1
DA:106,0
DA:107,0
DA:108,0
DA:109,0
DA:110,0
DA:111,0
DA:112,0
LF:79
LH:43
BRDA:12,0,0,12
BRDA:16,1,0,0
BRDA:18,2,0,0
BRDA:23,3,0,12
BRDA:36,4,0,1
BRDA:40,5,0,0
BRDA:50,6,0,11
BRDA:77,7,0,3
BRDA:81,8,0,9
BRDA:87,9,0,3
BRF:10
BRH:7
end_of_record
TN:
SF:src/plaid/signature.ts
FN:20,fetchKey
FN:22,setKeyFetcher
FN:23,fetchKey
FN:26,_clearKeyCache
FN:37,getKey
FN:53,verifyPlaidSignature
FNF:6
FNH:4
FNDA:0,fetchKey
FNDA:13,setKeyFetcher
FNDA:0,fetchKey
FNDA:13,_clearKeyCache
FNDA:14,getKey
FNDA:15,verifyPlaidSignature
DA:1,1
DA:12,1
DA:16,1
DA:20,1
DA:22,1
DA:23,13
DA:24,13
DA:26,1
DA:27,13
DA:28,13
DA:37,14
DA:38,14
DA:39,14
DA:41,12
DA:42,12
DA:43,14
DA:44,12
DA:46,12
DA:47,12
DA:48,14
DA:49,0
DA:50,0
DA:51,14
DA:53,15
DA:54,15
DA:55,15
DA:56,15
DA:57,15
DA:58,15
DA:60,14
DA:61,14
DA:62,14
DA:63,15
DA:64,14
DA:65,15
DA:66,0
DA:67,0
DA:69,14
DA:70,15
DA:72,14
DA:73,14
DA:74,14
DA:75,14
DA:76,15
DA:77,0
DA:78,0
DA:80,15
DA:81,14
DA:82,15
DA:83,0
DA:84,0
DA:86,14
DA:87,15
DA:89,13
DA:90,13
LF:55
LH:47
BRDA:22,0,0,13
BRDA:23,1,0,0
BRDA:26,2,0,13
BRDA:37,3,0,14
BRDA:39,4,0,2
BRDA:39,5,0,12
BRDA:43,6,0,12
BRDA:43,7,0,0
BRDA:43,8,0,12
BRDA:48,9,0,0
BRDA:53,10,0,15
BRDA:58,11,0,1
BRDA:58,12,0,14
BRDA:63,13,0,0
BRDA:63,14,0,14
BRDA:65,15,0,0
BRDA:67,16,0,14
BRDA:70,17,0,0
BRDA:70,18,0,14
BRDA:76,19,0,0
BRDA:78,20,0,14
BRDA:80,21,0,0
BRDA:80,22,0,14
BRDA:82,23,0,0
BRDA:84,24,0,14
BRDA:87,25,0,1
BRDA:87,26,0,13
BRF:27
BRH:18
end_of_record
TN:
SF:src/plaid/types.ts
FN:110,PlaidApiError
FN:115,<instance_members_initializer>
FNF:2
FNH:2
FNDA:1,PlaidApiError
FNDA:1,<instance_members_initializer>
DA:108,1
DA:109,1
DA:110,1
DA:111,1
DA:112,1
DA:113,1
DA:114,1
DA:115,1
DA:116,1
LF:9
LH:9
BRDA:110,0,0,1
BRDA:115,1,0,1
BRF:2
BRH:2
end_of_record
TN:
SF:src/plugins/auth.ts
FN:11,registerAuthPlugin
FNF:1
FNH:1
FNDA:84,registerAuthPlugin
DA:1,1
DA:11,84
DA:12,84
DA:14,84
DA:15,288
DA:16,288
DA:17,7
DA:18,7
DA:19,281
DA:20,281
DA:21,288
DA:22,278
DA:23,84
DA:24,84
LF:14
LH:14
BRDA:11,0,0,84
BRDA:14,1,0,288
BRDA:16,2,0,282
BRDA:16,3,0,7
BRDA:18,4,0,281
BRDA:21,5,0,3
BRDA:21,6,0,278
BRF:7
BRH:7
end_of_record
TN:
SF:src/plugins/error-handler.ts
FN:3,registerErrorHandler
FNF:1
FNH:1
FNDA:84,registerErrorHandler
DA:3,1
DA:4,84
DA:5,4
DA:6,4
DA:7,4
DA:8,84
DA:9,84
LF:7
LH:7
BRDA:3,0,0,84
BRDA:4,1,0,4
BRDA:5,2,0,0
BRDA:7,3,0,0
BRF:4
BRH:2
end_of_record
TN:
SF:src/plugins/logger.ts
FN:3,req
FN:10,res
FNF:2
FNH:0
FNDA:0,req
FNDA:0,res
DA:1,1
DA:2,1
DA:3,1
DA:4,0
DA:5,0
DA:6,0
DA:8,0
DA:9,0
DA:10,1
DA:11,0
DA:12,0
DA:13,1
DA:14,1
LF:13
LH:6
BRF:0
BRH:0
end_of_record
TN:
SF:src/push/apns.ts
FN:9,getJwt
FN:24,sendApnsPush
FNF:2
FNH:0
FNDA:0,getJwt
FNDA:0,sendApnsPush
DA:1,1
DA:7,1
DA:9,0
DA:10,0
DA:11,0
DA:13,0
DA:14,0
DA:15,0
DA:16,0
DA:17,0
DA:18,0
DA:20,0
DA:21,0
DA:22,0
DA:24,0
DA:25,0
DA:27,0
DA:28,0
DA:30,0
DA:31,0
DA:32,0
DA:34,0
DA:35,0
DA:36,0
DA:38,0
DA:39,0
DA:40,0
DA:41,0
DA:42,0
DA:43,0
DA:44,0
DA:45,0
DA:46,0
DA:48,0
DA:49,0
DA:51,0
DA:52,0
DA:53,0
DA:54,0
DA:55,0
DA:56,0
DA:57,0
DA:58,0
DA:59,0
DA:60,0
DA:61,0
DA:62,0
DA:63,0
DA:64,0
DA:65,0
DA:66,0
DA:67,0
DA:68,0
LF:53
LH:2
BRF:0
BRH:0
end_of_record
TN:
SF:src/reactions/dispatch.ts
FN:14,dispatchReaction
FN:26,fanOutPush
FNF:2
FNH:2
FNDA:19,dispatchReaction
FNDA:19,fanOutPush
DA:1,1
DA:5,1
DA:6,1
DA:7,1
DA:8,1
DA:9,1
DA:10,1
DA:11,1
DA:12,1
DA:14,1
DA:15,19
DA:16,19
DA:17,19
DA:18,19
DA:19,19
DA:20,19
DA:21,19
DA:23,19
DA:24,19
DA:26,19
DA:27,19
DA:28,19
DA:29,19
DA:30,19
DA:32,0
DA:33,19
DA:35,0
DA:36,0
DA:37,0
DA:38,0
DA:39,0
DA:40,0
DA:41,0
DA:42,0
DA:43,19
LF:35
LH:26
BRDA:14,0,0,19
BRDA:15,1,0,1
BRDA:15,2,0,18
BRDA:26,3,0,19
BRDA:30,4,0,0
BRDA:33,5,0,0
BRF:6
BRH:4
end_of_record
TN:
SF:src/reactions/external.ts
FN:24,evaluateExternalEvent
FNF:1
FNH:1
FNDA:22,evaluateExternalEvent
DA:24,1
DA:25,22
DA:26,22
DA:28,22
DA:29,22
DA:30,6
DA:31,6
DA:32,6
DA:33,6
DA:34,6
DA:35,6
DA:36,6
DA:38,22
DA:39,4
DA:40,4
DA:41,4
DA:42,4
DA:43,4
DA:44,4
DA:45,4
DA:47,22
DA:48,2
DA:49,2
DA:50,2
DA:51,2
DA:52,2
DA:53,2
DA:54,2
DA:56,22
DA:57,3
DA:58,3
DA:59,3
DA:60,3
DA:61,3
DA:62,3
DA:63,3
DA:65,22
DA:66,2
DA:67,2
DA:68,2
DA:69,2
DA:70,2
DA:71,2
DA:72,2
DA:74,22
DA:75,1
DA:76,1
DA:77,1
DA:78,1
DA:79,1
DA:80,1
DA:81,1
DA:83,22
DA:84,1
DA:85,1
DA:86,1
DA:87,1
DA:88,1
DA:89,1
DA:90,1
DA:92,22
DA:93,1
DA:94,1
DA:95,1
DA:96,1
DA:97,1
DA:98,1
DA:99,1
DA:101,22
DA:102,2
DA:104,22
DA:106,0
DA:107,0
DA:108,0
DA:109,22
DA:110,22
LF:76
LH:73
BRDA:24,0,0,22
BRDA:25,1,0,11
BRDA:25,2,0,11
BRDA:26,3,0,14
BRDA:26,4,0,8
BRDA:29,5,0,6
BRDA:38,6,0,4
BRDA:47,7,0,2
BRDA:56,8,0,3
BRDA:62,9,0,1
BRDA:65,10,0,2
BRDA:71,11,0,1
BRDA:74,12,0,1
BRDA:83,13,0,1
BRDA:92,14,0,1
BRDA:101,15,0,2
BRDA:104,16,0,0
BRF:17
BRH:16
end_of_record
TN:
SF:src/reactions/types.ts
FN:1,(empty-report)
FNF:1
FNH:1
FNDA:1,(empty-report)
LF:0
LH:0
BRDA:1,0,0,1
BRF:1
BRH:1
end_of_record
TN:
SF:src/rules/definitions.ts
FN:15,parseDollar
FN:19,isCredit
FN:23,isDebit
FN:27,formatAmount
FN:34,match
FN:37,react
FN:50,match
FN:56,react
FN:70,match
FN:78,react
FN:94,match
FN:99,react
FN:113,match
FN:116,react
FNF:14
FNH:14
FNDA:26,parseDollar
FNDA:18,isCredit
FNDA:32,isDebit
FNDA:8,formatAmount
FNDA:18,match
FNDA:5,react
FNDA:13,match
FNDA:1,react
FNDA:12,match
FNDA:2,react
FNDA:10,match
FNDA:1,react
FNDA:9,match
FNDA:1,react
DA:11,1
DA:12,1
DA:13,1
DA:15,26
DA:16,26
DA:17,26
DA:19,18
DA:20,18
DA:21,18
DA:23,32
DA:24,32
DA:25,32
DA:27,8
DA:28,8
DA:29,8
DA:31,1
DA:32,1
DA:33,1
DA:34,1
DA:35,18
DA:36,18
DA:37,1
DA:38,5
DA:39,5
DA:40,5
DA:41,5
DA:42,5
DA:43,5
DA:44,5
DA:45,5
DA:46,1
DA:48,1
DA:49,1
DA:50,1
DA:51,13
DA:52,13
DA:53,13
DA:54,13
DA:55,13
DA:56,1
DA:57,1
DA:58,1
DA:59,1
DA:60,1
DA:61,1
DA:62,1
DA:63,1
DA:64,1
DA:65,1
DA:66,1
DA:68,1
DA:69,1
DA:70,1
DA:71,12
DA:72,4
DA:73,4
DA:74,4
DA:75,4
DA:76,4
DA:77,12
DA:78,1
DA:79,2
DA:80,2
DA:81,2
DA:82,2
DA:83,2
DA:84,2
DA:85,2
DA:86,2
DA:87,2
DA:88,2
DA:89,2
DA:90,1
DA:92,1
DA:93,1
DA:94,1
DA:95,10
DA:96,10
DA:97,10
DA:98,10
DA:99,1
DA:100,1
DA:101,1
DA:102,1
DA:103,1
DA:104,1
DA:105,1
DA:106,1
DA:107,1
DA:108,1
DA:109,1
DA:111,1
DA:112,1
DA:113,1
DA:114,9
DA:115,9
DA:116,1
DA:117,1
DA:118,1
DA:119,1
DA:120,1
DA:121,1
DA:122,1
DA:123,1
DA:124,1
DA:125,1
DA:126,1
LF:107
LH:107
BRDA:15,0,0,26
BRDA:19,1,0,18
BRDA:23,2,0,32
BRDA:27,3,0,8
BRDA:34,4,0,18
BRDA:35,5,0,11
BRDA:37,6,0,5
BRDA:50,7,0,13
BRDA:51,8,0,6
BRDA:51,9,0,12
BRDA:51,10,0,7
BRDA:52,11,0,5
BRDA:52,12,0,2
BRDA:53,13,0,5
BRDA:54,14,0,2
BRDA:54,15,0,2
BRDA:56,16,0,1
BRDA:57,17,0,0
BRDA:70,18,0,12
BRDA:71,19,0,8
BRDA:71,20,0,4
BRDA:76,21,0,10
BRDA:76,22,0,5
BRDA:78,23,0,2
BRDA:79,24,0,0
BRDA:83,25,0,1
BRDA:83,26,0,1
BRDA:84,27,0,1
BRDA:84,28,0,1
BRDA:86,29,0,1
BRDA:86,30,0,1
BRDA:94,31,0,10
BRDA:95,32,0,4
BRDA:95,33,0,9
BRDA:95,34,0,6
BRDA:96,35,0,4
BRDA:96,36,0,2
BRDA:96,37,0,4
BRDA:97,38,0,23
BRDA:99,39,0,1
BRDA:100,40,0,0
BRDA:113,41,0,9
BRDA:114,42,0,5
BRDA:116,43,0,1
BRF:44
BRH:41
end_of_record
TN:
SF:src/rules/engine.ts
FN:8,evaluate
FNF:1
FNH:1
FNDA:18,evaluate
DA:1,1
DA:8,1
DA:9,18
DA:10,62
DA:11,10
DA:12,10
DA:13,62
DA:14,8
DA:15,8
LF:9
LH:9
BRDA:8,0,0,18
BRDA:9,1,0,62
BRDA:10,2,0,10
BRDA:13,3,0,8
BRF:4
BRH:4
end_of_record
TN:
SF:src/spinwheel/client.ts
FN:8,SpinwheelError
FN:17,authHeaders
FN:24,spinwheelPost
FN:40,spinwheelGet
FN:57,sendSmsOtp
FN:77,verifySmsOtp
FN:111,getDebts
FNF:7
FNH:7
FNDA:3,SpinwheelError
FNDA:6,authHeaders
FNDA:4,spinwheelPost
FNDA:2,spinwheelGet
FNDA:2,sendSmsOtp
FNDA:2,verifySmsOtp
FNDA:2,getDebts
DA:1,1
DA:5,1
DA:7,1
DA:8,1
DA:9,3
DA:10,3
DA:11,3
DA:12,3
DA:13,3
DA:14,3
DA:15,1
DA:17,6
DA:18,6
DA:19,6
DA:20,6
DA:21,6
DA:22,6
DA:24,4
DA:25,4
DA:26,4
DA:27,4
DA:28,4
DA:29,4
DA:31,4
DA:32,2
DA:33,2
DA:34,2
DA:36,2
DA:37,2
DA:38,2
DA:40,2
DA:41,2
DA:42,2
DA:43,2
DA:45,2
DA:46,1
DA:47,1
DA:48,1
DA:50,1
DA:51,1
DA:52,1
DA:57,2
DA:58,2
DA:59,2
DA:60,2
DA:61,2
DA:62,2
DA:63,2
DA:64,2
DA:65,2
DA:66,2
DA:67,2
DA:68,1
DA:70,1
DA:71,1
DA:72,1
DA:77,2
DA:81,2
DA:82,2
DA:83,2
DA:84,2
DA:85,2
DA:86,2
DA:87,2
DA:88,2
DA:89,2
DA:90,2
DA:91,1
DA:92,1
DA:94,1
DA:95,1
DA:96,1
DA:97,1
DA:98,1
DA:99,1
DA:100,1
DA:102,1
DA:103,1
DA:104,1
DA:111,2
DA:112,2
DA:113,1
DA:114,1
LF:83
LH:83
BRDA:8,0,0,3
BRDA:17,1,0,6
BRDA:24,2,0,4
BRDA:31,3,0,2
BRDA:40,4,0,2
BRDA:45,5,0,1
BRDA:57,6,0,2
BRDA:67,7,0,1
BRDA:77,8,0,2
BRDA:90,9,0,1
BRDA:111,10,0,2
BRDA:112,11,0,1
BRF:12
BRH:12
end_of_record
TN:
SF:src/store/devices.ts
FN:5,upsertDeviceToken
FN:19,listDeviceTokens
FNF:2
FNH:2
FNDA:3,upsertDeviceToken
FNDA:21,listDeviceTokens
DA:1,1
DA:5,3
DA:9,3
DA:10,3
DA:11,3
DA:12,3
DA:13,3
DA:14,3
DA:15,3
DA:16,3
DA:17,3
DA:19,21
DA:20,21
DA:21,21
DA:22,21
DA:23,21
DA:24,21
DA:25,21
LF:18
LH:18
BRDA:5,0,0,3
BRDA:19,1,0,21
BRF:2
BRH:2
end_of_record
TN:
SF:src/store/events.ts
FN:10,claimEvent
FNF:1
FNH:1
FNDA:26,claimEvent
DA:1,1
DA:5,1
DA:10,26
DA:11,26
DA:12,26
DA:13,26
DA:14,26
DA:15,26
DA:17,26
DA:20,20
DA:21,20
DA:23,20
DA:25,20
DA:27,20
DA:28,20
LF:15
LH:15
BRDA:10,0,0,26
BRDA:17,1,0,6
BRDA:17,2,0,20
BRF:3
BRH:3
end_of_record
TN:
SF:src/store/items.ts
FN:8,getItem
FN:15,getItemsByUser
FN:20,upsertItem
FN:31,setCursor
FN:35,markInitialSyncComplete
FN:39,disableItem
FNF:6
FNH:6
FNDA:14,getItem
FNDA:4,getItemsByUser
FNDA:16,upsertItem
FNDA:8,setCursor
FNDA:6,markInitialSyncComplete
FNDA:2,disableItem
DA:1,1
DA:8,14
DA:9,14
DA:10,14
DA:11,14
DA:12,13
DA:13,13
DA:15,4
DA:16,4
DA:17,4
DA:18,4
DA:20,16
DA:21,16
DA:22,16
DA:23,16
DA:24,16
DA:25,16
DA:26,16
DA:27,16
DA:28,16
DA:29,16
DA:31,8
DA:32,8
DA:33,8
DA:35,6
DA:36,6
DA:37,6
DA:39,2
DA:40,2
DA:41,2
LF:30
LH:30
BRDA:8,0,0,14
BRDA:11,1,0,1
BRDA:11,2,0,13
BRDA:15,3,0,4
BRDA:17,4,0,3
BRDA:20,5,0,16
BRDA:31,6,0,8
BRDA:35,7,0,6
BRDA:39,8,0,2
BRF:9
BRH:9
end_of_record
TN:
SF:src/store/overrides.ts
FN:5,key
FN:9,getOverride
FN:19,setOverride
FN:30,deleteOverride
FN:36,listOverrides
FN:45,_resetOverrideCache
FNF:6
FNH:6
FNDA:22,key
FNDA:14,getOverride
FNDA:7,setOverride
FNDA:1,deleteOverride
FNDA:2,listOverrides
FNDA:102,_resetOverrideCache
DA:1,1
DA:5,22
DA:6,22
DA:7,22
DA:9,14
DA:10,14
DA:11,14
DA:12,14
DA:13,14
DA:14,14
DA:15,14
DA:16,14
DA:17,14
DA:19,7
DA:20,7
DA:21,7
DA:22,7
DA:23,7
DA:24,7
DA:25,7
DA:26,7
DA:27,7
DA:28,7
DA:30,1
DA:31,1
DA:32,1
DA:33,1
DA:34,1
DA:36,2
DA:37,2
DA:38,2
DA:39,2
DA:40,2
DA:41,2
DA:42,2
DA:45,1
LF:36
LH:36
BRDA:5,0,0,22
BRDA:9,1,0,14
BRDA:10,2,0,0
BRDA:16,3,0,4
BRDA:16,4,0,10
BRDA:19,5,0,7
BRDA:30,6,0,1
BRDA:36,7,0,2
BRDA:45,8,0,102
BRF:9
BRH:8
end_of_record
TN:
SF:src/store/pet.ts
FN:37,readPetRow
FN:44,getState
FN:73,getGoals
FN:83,updateGoals
FN:98,applyHealthDelta
FN:108,recordReaction
FNF:6
FNH:6
FNDA:220,readPetRow
FNDA:212,getState
FNDA:8,getGoals
FNDA:2,updateGoals
FNDA:44,applyHealthDelta
FNDA:25,recordReaction
DA:1,1
DA:9,1
DA:10,1
DA:11,1
DA:12,1
DA:13,1
DA:14,1
DA:35,1
DA:37,220
DA:38,220
DA:39,220
DA:40,220
DA:41,220
DA:42,220
DA:44,212
DA:45,212
DA:46,212
DA:47,212
DA:48,212
DA:49,212
DA:50,212
DA:51,212
DA:52,212
DA:53,212
DA:55,212
DA:56,212
DA:57,212
DA:58,212
DA:59,212
DA:60,6
DA:61,6
DA:62,6
DA:63,212
DA:64,212
DA:65,212
DA:66,212
DA:67,212
DA:68,212
DA:69,212
DA:70,212
DA:71,212
DA:73,8
DA:74,8
DA:75,8
DA:76,8
DA:77,8
DA:78,8
DA:79,8
DA:80,8
DA:81,8
DA:83,2
DA:84,2
DA:86,2
DA:87,0
DA:88,0
DA:89,0
DA:90,2
DA:91,2
DA:92,2
DA:94,2
DA:95,2
DA:96,2
DA:98,44
DA:99,44
DA:100,44
DA:101,44
DA:102,44
DA:103,44
DA:104,44
DA:105,44
DA:106,44
DA:108,25
DA:109,25
DA:110,25
DA:111,25
DA:112,25
DA:114,25
DA:115,25
DA:117,25
DA:118,25
DA:119,25
DA:120,25
DA:121,25
DA:122,25
LF:84
LH:81
BRDA:37,0,0,220
BRDA:40,1,0,0
BRDA:44,2,0,212
BRDA:58,3,0,4
BRDA:58,4,0,208
BRDA:59,5,0,6
BRDA:73,6,0,8
BRDA:83,7,0,2
BRDA:86,8,0,0
BRDA:91,9,0,0
BRDA:92,10,0,1
BRDA:94,11,0,0
BRDA:98,12,0,44
BRDA:108,13,0,25
BRF:14
BRH:10
end_of_record
TN:
SF:src/store/sessions.ts
FN:9,hashToken
FN:13,createSession
FN:33,validateSession
FN:54,deleteSession
FNF:4
FNH:3
FNDA:384,hashToken
FNDA:103,createSession
FNDA:281,validateSession
FNDA:0,deleteSession
DA:1,1
DA:7,1
DA:9,384
DA:10,384
DA:11,384
DA:13,103
DA:14,103
DA:15,103
DA:16,103
DA:17,103
DA:19,103
DA:20,103
DA:21,103
DA:22,103
DA:23,103
DA:24,103
DA:25,103
DA:26,103
DA:27,103
DA:28,103
DA:30,103
DA:31,103
DA:33,281
DA:34,281
DA:35,281
DA:37,281
DA:38,281
DA:39,281
DA:40,281
DA:42,281
DA:43,281
DA:46,278
DA:47,278
DA:48,278
DA:49,278
DA:51,278
DA:52,278
DA:54,0
DA:55,0
DA:56,0
DA:57,0
DA:58,0
LF:42
LH:37
BRDA:9,0,0,384
BRDA:13,1,0,103
BRDA:33,2,0,281
BRDA:43,3,0,3
BRDA:43,4,0,278
BRF:5
BRH:5
end_of_record
TN:
SF:src/store/transactions.ts
FN:8,persistTransactions
FN:22,getRecentOutflows
FNF:2
FNH:2
FNDA:14,persistTransactions
FNDA:4,getRecentOutflows
DA:1,1
DA:8,14
DA:9,14
DA:10,12
DA:11,16
DA:12,16
DA:13,16
DA:14,16
DA:15,16
DA:16,16
DA:17,16
DA:18,12
DA:19,12
DA:20,12
DA:22,4
DA:23,4
DA:24,4
DA:25,4
DA:27,4
DA:28,4
DA:29,4
DA:30,4
DA:31,4
DA:32,4
DA:33,4
DA:34,4
DA:35,4
DA:36,4
DA:37,4
LF:29
LH:29
BRDA:8,0,0,14
BRDA:9,1,0,2
BRDA:9,2,0,12
BRDA:10,3,0,16
BRDA:14,4,0,12
BRDA:14,5,0,4
BRDA:17,6,0,12
BRDA:17,7,0,4
BRDA:22,8,0,4
BRF:9
BRH:9
end_of_record
TN:
SF:src/store/users.ts
FN:8,findOrCreateUser
FN:22,getUserById
FN:29,deleteUser
FNF:3
FNH:3
FNDA:103,findOrCreateUser
FNDA:3,getUserById
FNDA:3,deleteUser
DA:1,1
DA:8,103
DA:9,103
DA:10,103
DA:12,103
DA:13,103
DA:14,103
DA:16,103
DA:17,103
DA:19,103
DA:20,103
DA:22,3
DA:23,3
DA:24,3
DA:25,3
DA:29,3
DA:30,3
DA:31,3
LF:18
LH:18
BRDA:8,0,0,103
BRDA:10,1,0,0
BRDA:13,2,0,103
BRDA:14,3,0,1
BRDA:22,4,0,3
BRDA:29,5,0,3
BRF:6
BRH:5
end_of_record
TN:
SF:src/subscriptions/detect.ts
FN:26,median
FN:34,daysBetween
FN:39,detectSubscriptions
FNF:3
FNH:3
FNDA:6,median
FNDA:13,daysBetween
FNDA:7,detectSubscriptions
DA:21,1
DA:22,1
DA:23,1
DA:24,1
DA:26,6
DA:27,6
DA:28,6
DA:29,6
DA:30,6
DA:31,1
DA:32,1
DA:34,13
DA:35,13
DA:36,13
DA:37,13
DA:39,1
DA:41,7
DA:42,7
DA:43,24
DA:44,24
DA:45,24
DA:46,24
DA:47,24
DA:49,7
DA:51,7
DA:52,8
DA:54,7
DA:55,7
DA:56,7
DA:57,7
DA:58,7
DA:60,6
DA:61,6
DA:62,8
DA:63,13
DA:64,13
DA:65,6
DA:66,8
DA:68,5
DA:69,5
DA:70,5
DA:71,5
DA:72,5
DA:73,5
DA:74,5
DA:75,5
DA:76,5
DA:78,7
DA:79,7
LF:49
LH:49
BRDA:26,0,0,6
BRDA:27,1,0,0
BRDA:30,2,0,5
BRDA:30,3,0,1
BRDA:28,4,0,8
BRDA:34,5,0,13
BRDA:39,6,0,7
BRDA:42,7,0,24
BRDA:43,8,0,0
BRDA:45,9,0,8
BRDA:51,10,0,8
BRDA:52,11,0,1
BRDA:52,12,0,7
BRDA:57,13,0,0
BRDA:57,14,0,7
BRDA:58,15,0,1
BRDA:58,16,0,6
BRDA:62,17,0,13
BRDA:64,18,0,6
BRDA:66,19,0,1
BRDA:66,20,0,5
BRDA:54,21,0,22
BRDA:60,22,0,14
BRDA:72,23,0,16
BRDA:78,24,0,1
BRF:25
BRH:22
end_of_record
TN:
SF:src/types/transaction.ts
FN:1,(empty-report)
FNF:1
FNH:1
FNDA:1,(empty-report)
LF:0
LH:0
BRDA:1,0,0,1
BRF:1
BRH:1
end_of_record
TN:
SF:src/util/crypto.ts
FN:8,encryptString
FN:18,decryptString
FNF:2
FNH:2
FNDA:302,encryptString
FNDA:31,decryptString
DA:1,1
DA:8,1
DA:9,302
DA:10,301
DA:11,301
DA:12,301
DA:13,301
DA:14,301
DA:15,301
DA:16,301
DA:18,1
DA:19,31
DA:20,29
DA:21,31
DA:22,29
DA:23,29
DA:25,29
DA:26,29
DA:27,29
DA:28,29
LF:20
LH:20
BRDA:8,0,0,302
BRDA:9,1,0,1
BRDA:9,2,0,301
BRDA:18,3,0,31
BRDA:19,4,0,30
BRDA:19,5,0,2
BRDA:19,6,0,29
BRDA:21,7,0,0
BRDA:21,8,0,29
BRF:9
BRH:8
end_of_record
TN:
SF:src/webhook/plaid.ts
FN:16,registerPlaidWebhook
FN:62,dispatch
FN:104,syncItem
FN:182,balancesByAccount
FNF:4
FNH:4
FNDA:84,registerPlaidWebhook
FNDA:12,dispatch
FNDA:8,syncItem
FNDA:9,balancesByAccount
DA:1,1
DA:14,1
DA:16,1
DA:17,84
DA:18,84
DA:19,15
DA:20,84
DA:22,84
DA:23,15
DA:24,15
DA:26,15
DA:27,15
DA:28,2
DA:29,2
DA:30,2
DA:32,13
DA:33,13
DA:34,13
DA:35,15
DA:36,1
DA:37,1
DA:38,1
DA:40,12
DA:41,12
DA:42,12
DA:43,12
DA:44,12
DA:45,12
DA:46,12
DA:47,12
DA:49,12
DA:51,12
DA:52,12
DA:53,12
DA:54,12
DA:55,0
DA:56,0
DA:57,12
DA:58,84
DA:59,84
DA:60,84
DA:62,12
DA:63,12
DA:65,12
DA:66,1
DA:67,1
DA:68,1
DA:69,1
DA:70,1
DA:71,0
DA:72,0
DA:73,0
DA:75,12
DA:76,1
DA:77,1
DA:78,1
DA:80,12
DA:81,0
DA:82,0
DA:83,0
DA:85,10
DA:86,12
DA:87,1
DA:88,1
DA:89,1
DA:91,12
DA:92,0
DA:93,0
DA:94,0
DA:96,12
DA:97,1
DA:98,1
DA:99,1
DA:101,8
DA:102,8
DA:104,8
DA:105,8
DA:106,8
DA:107,8
DA:108,8
DA:109,8
DA:110,8
DA:111,8
DA:112,8
DA:114,8
DA:115,9
DA:116,9
DA:117,9
DA:118,9
DA:119,9
DA:120,9
DA:121,9
DA:122,0
DA:123,0
DA:124,0
DA:125,0
DA:126,0
DA:127,0
DA:128,0
DA:129,0
DA:130,0
DA:132,9
DA:133,9
DA:134,9
DA:136,9
DA:137,1
DA:138,1
DA:139,1
DA:140,1
DA:141,1
DA:143,9
DA:144,9
DA:146,8
DA:148,8
DA:149,8
DA:150,8
DA:152,8
DA:154,8
DA:155,1
DA:156,1
DA:157,1
DA:158,1
DA:159,1
DA:160,1
DA:161,1
DA:163,7
DA:165,6
DA:167,8
DA:168,7
DA:169,2
DA:170,2
DA:171,2
DA:173,5
DA:174,7
DA:175,4
DA:176,4
DA:177,4
DA:178,4
DA:179,7
DA:180,6
DA:182,9
DA:183,9
DA:184,9
DA:185,9
DA:186,9
DA:187,9
DA:188,9
LF:147
LH:127
BRDA:16,0,0,84
BRDA:17,1,0,84
BRDA:18,2,0,15
BRDA:22,3,0,15
BRDA:27,4,0,2
BRDA:30,5,0,13
BRDA:35,6,0,1
BRDA:38,7,0,12
BRDA:51,8,0,12
BRDA:54,9,0,0
BRDA:62,10,0,12
BRDA:65,11,0,1
BRDA:70,12,0,0
BRDA:73,13,0,11
BRDA:75,14,0,1
BRDA:78,15,0,10
BRDA:80,16,0,0
BRDA:83,17,0,10
BRDA:86,18,0,1
BRDA:89,19,0,9
BRDA:91,20,0,0
BRDA:94,21,0,9
BRDA:96,22,0,1
BRDA:99,23,0,8
BRDA:104,24,0,8
BRDA:109,25,0,6
BRDA:114,26,0,9
BRDA:119,27,0,3
BRDA:119,28,0,6
BRDA:121,29,0,0
BRDA:136,30,0,8
BRDA:136,31,0,1
BRDA:143,32,0,8
BRDA:154,33,0,1
BRDA:161,34,0,7
BRDA:163,35,0,1
BRDA:163,36,0,6
BRDA:167,37,0,7
BRDA:168,38,0,2
BRDA:171,39,0,5
BRDA:174,40,0,4
BRDA:179,41,0,6
BRDA:149,42,0,8
BRDA:149,43,0,0
BRDA:182,44,0,9
BRDA:185,45,0,0
BRF:46
BRH:39
end_of_record
TN:
SF:src/zerion/client.ts
FN:6,authHeader
FN:62,zerionGet
FN:78,getPortfolio
FN:91,getTransactions
FNF:4
FNH:4
FNDA:9,authHeader
FNDA:9,zerionGet
FNDA:4,getPortfolio
FNDA:5,getTransactions
DA:1,1
DA:4,1
DA:6,9
DA:7,9
DA:8,9
DA:9,9
DA:11,1
DA:12,1
DA:13,1
DA:14,1
DA:15,1
DA:16,1
DA:17,1
DA:18,1
DA:19,1
DA:25,1
DA:26,1
DA:27,1
DA:28,1
DA:29,1
DA:30,1
DA:31,1
DA:32,1
DA:33,1
DA:34,1
DA:35,1
DA:36,1
DA:37,1
DA:38,1
DA:39,1
DA:40,1
DA:41,1
DA:42,1
DA:43,1
DA:55,1
DA:56,1
DA:57,1
DA:58,1
DA:59,1
DA:60,1
DA:62,9
DA:63,9
DA:64,9
DA:65,9
DA:66,9
DA:67,9
DA:68,9
DA:70,9
DA:71,9
DA:72,6
DA:73,6
DA:78,4
DA:79,4
DA:80,4
DA:82,2
DA:83,4
DA:85,1
DA:86,1
DA:91,5
DA:92,5
DA:93,5
DA:94,5
DA:95,5
DA:96,5
DA:97,0
DA:98,0
DA:100,5
DA:101,5
DA:103,4
DA:104,5
DA:106,3
DA:108,2
DA:109,2
DA:110,2
DA:112,2
DA:113,2
DA:114,2
DA:115,2
DA:117,2
DA:118,2
DA:119,2
DA:120,2
DA:121,2
DA:122,2
DA:123,2
DA:124,2
DA:125,2
DA:126,3
DA:129,3
DA:130,3
DA:131,5
DA:132,1
DA:133,1
DA:134,1
DA:135,1
DA:137,3
DA:138,3
DA:139,5
DA:140,5
DA:141,5
LF:100
LH:98
BRDA:6,0,0,9
BRDA:62,1,0,9
BRDA:70,2,0,2
BRDA:70,3,0,7
BRDA:71,4,0,1
BRDA:71,5,0,6
BRDA:78,6,0,4
BRDA:79,7,0,3
BRDA:80,8,0,1
BRDA:80,9,0,2
BRDA:83,10,0,1
BRDA:91,11,0,5
BRDA:96,12,0,0
BRDA:101,13,0,1
BRDA:101,14,0,4
BRDA:104,15,0,1
BRDA:104,16,0,3
BRDA:131,17,0,1
BRDA:135,18,0,3
BRDA:139,19,0,1
BRDA:139,20,0,2
BRDA:106,21,0,2
BRDA:110,22,0,1
BRDA:112,23,0,1
BRDA:112,24,0,1
BRDA:113,25,0,1
BRDA:113,26,0,1
BRDA:114,27,0,1
BRDA:114,28,0,1
BRDA:115,29,0,1
BRDA:108,30,0,1
BRDA:109,31,0,1
BRF:32
BRH:31
end_of_record
